<?xml version="1.0" encoding="UTF-8"?>
<testsuite xmlns:xsi="http://www.w3.org/2001/XMLSchema-instance" xsi:noNamespaceSchemaLocation="https://maven.apache.org/surefire/maven-surefire-plugin/xsd/surefire-test-report.xsd" name="testing.tetris.TetrisApplicationTests" time="0.017" tests="5" errors="0" skipped="0" failures="0">
  <properties>
[...]
</properties>
  <testcase name="deleteLinesCheck" classname="testing.tetris.TetrisApplicationTests" time="0.004"/>
  <testcase name="checkFigureDropDown" classname="testing.tetris.TetrisApplicationTests" time="0.006"/>
  <testcase name="checkLinesTest" classname="testing.tetris.TetrisApplicationTests" time="0"/>
  <testcase name="checkTurnFigure" classname="testing.tetris.TetrisApplicationTests" time="0"/>
  <testcase name="moveFiguresTest" classname="testing.tetris.TetrisApplicationTests" time="0"/>
</testsuite>